
calculate_index.hs:20:14:
    No instance for (Show
                       (a0 -> [(a1, a2 -> [(Char, a3)] -> a0)] -> a0))
      arising from a use of `show'
    Possible fix:
      add an instance declaration for
      (Show (a0 -> [(a1, a2 -> [(Char, a3)] -> a0)] -> a0))
    In the expression: show
    In the second argument of `($)', namely `show $ altCalculateI line'
    In a stmt of a 'do' block: putStr $ show $ altCalculateI line

calculate_index.hs:20:21:
    No instances for (Fractional
                        (a0 -> [(a1, a2 -> [(Char, a3)] -> a0)] -> a0),
                      Num (a2 -> [(Char, a3)] -> a0))
      arising from a use of `altCalculateI'
    Possible fix:
      add instance declarations for
      (Fractional (a0 -> [(a1, a2 -> [(Char, a3)] -> a0)] -> a0),
       Num (a2 -> [(Char, a3)] -> a0))
    In the second argument of `($)', namely `altCalculateI line'
    In the second argument of `($)', namely `show $ altCalculateI line'
    In a stmt of a 'do' block: putStr $ show $ altCalculateI line
